172
2 197 174 
2 196 431 
2 162 104 
2 45 126 
2 385 467 
2 44 285 
2 80 57 
2 224 236 
2 163 259 
2 18 41 
2 124 340 
2 178 330 
2 168 27 
2 20 410 
2 269 297 
2 369 228 
2 379 490 
2 374 290 
2 372 5 
2 437 492 
2 65 176 
2 279 376 
2 205 433 
2 486 443 
2 82 277 
2 215 213 
2 243 409 
2 454 474 
2 446 94 
2 287 406 
2 473 32 
2 361 365 
2 193 295 
2 111 71 
2 69 358 
2 357 483 
2 498 121 
2 282 432 
2 400 96 
2 289 36 
2 170 108 
2 122 139 
2 413 200 
2 270 184 
2 487 244 
2 216 313 
2 142 456 
2 301 117 
2 370 274 
2 404 135 
2 159 238 
2 4 367 
2 247 185 
2 477 25 
2 495 397 
2 141 77 
2 29 255 
2 451 331 
2 230 336 
2 470 234 
2 156 84 
2 165 248 
2 491 118 
2 49 292 
2 221 48 
3 138 263 182 
3 153 307 422 
3 485 305 46 
3 359 120 496 
3 462 371 24 
3 140 251 97 
3 476 373 157 
3 296 362 261 
3 192 427 464 
3 445 314 102 
3 480 173 350 
3 239 335 93 
3 291 377 3 
3 449 276 386 
3 81 460 100 
3 252 267 62 
3 419 23 323 
3 363 161 12 
3 179 194 346 
3 457 375 447 
3 463 338 268 
3 129 51 315 
3 10 466 130 
3 103 450 110 
3 145 246 60 
3 106 76 88 
3 484 345 319 
3 429 113 339 
3 436 453 127 
3 442 434 254 
3 231 68 266 
3 31 109 380 
3 134 452 212 
3 479 56 61 
3 8 208 144 
3 408 299 281 
3 494 435 188 
3 131 392 37 
3 412 475 227 
3 399 26 333 
3 364 75 14 
3 420 19 318 
3 381 354 286 
3 382 356 441 
3 28 149 52 
3 428 64 66 
3 187 7 398 
3 258 164 275 
3 253 167 424 
3 175 283 154 
3 125 74 384 
3 101 360 249 
3 418 38 482 
3 232 211 294 
3 332 190 229 
3 152 304 329 
3 438 481 1 
3 199 355 112 
3 280 317 90 
3 59 160 119 
4 489 328 198 54 
4 107 465 116 316 
4 256 257 79 43 
4 493 272 235 388 
4 42 98 264 306 
4 35 461 353 180 
4 214 39 83 411 
4 351 223 327 401 
4 225 337 240 72 
4 219 298 284 67 
4 191 202 158 393 
4 265 30 47 497 
4 378 415 425 136 
4 288 147 91 2 
4 439 6 87 407 
4 273 488 341 181 
4 403 172 195 469 
4 210 40 22 21 
4 321 421 128 220 
4 16 293 402 222 
4 342 459 148 499 
4 312 137 366 414 
4 15 326 237 13 
4 391 171 471 207 
4 114 389 55 146 
4 95 334 426 325 
4 53 383 11 218 
4 85 430 34 472 
4 217 348 204 201 
4 448 245 186 133 
4 455 300 308 416 
4 209 458 169 344 
4 206 78 395 115 
4 0 143 309 123 
4 73 241 17 89 
4 189 310 347 183 
4 260 132 324 303 
4 390 177 278 33 
4 86 9 302 396 
4 417 440 58 242 
4 50 387 150 444 
4 70 352 423 63 
4 99 203 166 405 
4 105 368 343 349 
4 155 394 271 92 
4 311 262 320 468 
4 226 233 322 250 
