1628
2 3756 6823 
2 5421 449 
2 5312 143 
2 2498 9491 
2 7725 8012 
2 9922 4350 
2 9860 9103 
2 1721 9094 
2 3569 7399 
2 3401 2412 
2 166 3951 
2 8152 5360 
2 2957 4233 
2 1769 4 
2 1741 9537 
2 3699 21 
2 5490 2998 
2 1120 6628 
2 9157 9846 
2 6522 5916 
2 6759 740 
2 6936 8005 
2 8176 3577 
2 2292 8872 
2 2231 4256 
2 9137 579 
2 2496 969 
2 7331 6476 
2 3078 1185 
2 6967 6234 
2 8911 8369 
2 1029 19 
2 9984 8878 
2 3686 2352 
2 4525 8038 
2 2634 3300 
2 2151 5245 
2 2824 8274 
2 3022 708 
2 6379 5166 
2 523 6096 
2 147 632 
2 6624 6549 
2 7600 878 
2 8505 2236 
2 6865 2902 
2 2743 3692 
2 1457 6766 
2 8984 6368 
2 9480 5496 
2 4142 3117 
2 9269 7755 
2 7938 4700 
2 2350 9187 
2 9222 571 
2 1071 5820 
2 6184 5734 
2 7229 9021 
2 7098 6704 
2 7543 2121 
2 7438 3028 
2 781 9191 
2 1976 896 
2 959 7729 
2 678 8616 
2 9469 323 
2 1892 9061 
2 2037 8586 
2 1466 9910 
2 9634 99 
2 6323 8851 
2 1091 1603 
2 6716 8279 
2 4826 6266 
2 5994 5787 
2 4061 7769 
2 2573 7273 
2 6925 148 
2 6315 8645 
2 4395 745 
2 1116 4329 
2 5307 6202 
2 4110 9996 
2 8563 2742 
2 8840 992 
2 2445 4446 
2 8446 7060 
2 8630 4476 
2 4016 1349 
2 9242 7311 
2 2443 5515 
2 6754 4935 
2 9591 9699 
2 459 2581 
2 7175 7355 
2 22 296 
2 2159 1073 
2 3910 1795 
2 3600 5674 
2 156 4315 
2 6124 1377 
2 3767 5041 
2 4589 1606 
2 1252 8667 
2 7473 7736 
2 3328 8768 
2 6242 8894 
2 6367 9152 
2 1650 2748 
2 4681 2861 
2 4693 2038 
2 4845 9 
2 7867 7251 
2 4977 4124 
2 3392 6723 
2 6948 2311 
2 7991 4778 
2 1096 3753 
2 2326 8118 
2 9091 3680 
2 8181 8852 
2 5676 6088 
2 1302 9230 
2 9397 6961 
2 5576 3299 
2 5843 49 
2 8979 7254 
2 5233 1559 
2 4511 8601 
2 4506 162 
2 7810 9272 
2 3954 9999 
2 4668 7602 
2 7363 5331 
2 3098 5517 
2 5438 9844 
2 6472 3688 
2 9582 5051 
2 8963 610 
2 1725 6397 
2 60 8818 
2 5349 755 
2 3331 7801 
2 8183 2546 
2 8409 24 
2 8313 4750 
2 7435 9689 
2 7888 6675 
2 2046 4510 
2 5705 2252 
2 9459 6495 
2 9082 1454 
2 9168 5437 
2 8967 7799 
2 8724 2659 
2 6246 3148 
2 3875 1393 
2 2004 7923 
2 6698 6552 
2 2807 231 
2 9017 1856 
2 9884 3342 
2 2728 3540 
2 4685 1361 
2 4046 9734 
2 9585 7518 
2 7136 9993 
2 6987 1383 
2 8229 2365 
2 4948 1585 
2 2646 4327 
2 8569 8386 
2 5224 5034 
2 4068 3157 
2 7183 1687 
2 937 6115 
2 585 6570 
2 6617 1737 
2 8732 3561 
2 6690 5376 
2 2666 17 
2 127 5509 
2 6660 3955 
2 5948 2594 
2 5963 6082 
2 4131 501 
2 8661 4153 
2 490 9796 
2 5788 9090 
2 9731 8351 
2 4675 5293 
2 6910 4504 
2 1698 2301 
2 9414 9748 
2 9525 859 
2 9470 2760 
2 9085 4869 
2 4146 4215 
2 3305 8161 
2 4416 8067 
2 4300 2370 
2 9738 4553 
2 2720 1308 
2 8669 2608 
2 8039 4370 
2 9834 9421 
2 830 5716 
2 739 7103 
2 6457 6007 
2 3103 6768 
2 5807 4848 
2 5348 2784 
2 3914 2833 
2 957 639 
2 9672 3042 
2 257 4065 
2 536 737 
2 4151 6587 
2 8614 524 
2 1010 1484 
2 9903 8376 
2 7860 793 
2 4357 2591 
2 3244 356 
2 9060 4207 
2 7367 3143 
2 9590 1074 
2 3763 752 
2 1552 2616 
2 919 9487 
2 1619 6684 
2 8511 1634 
2 4463 9662 
2 6304 832 
2 2869 6185 
2 6016 3369 
2 6463 7927 
2 7010 4442 
2 1745 9781 
2 9725 8283 
2 3998 7414 
2 6801 7328 
2 9927 8687 
2 7112 8392 
2 9555 2651 
2 584 5795 
2 9149 763 
2 3751 1633 
2 3983 7181 
2 6820 9140 
2 4418 4785 
2 6512 8585 
2 9352 7624 
2 5465 2019 
2 8665 8537 
2 2306 6301 
2 8041 3238 
2 2726 5660 
2 2647 8746 
2 83 3136 
2 8869 3444 
2 7946 5852 
2 4306 1989 
2 5151 9774 
2 7158 656 
2 1714 5373 
2 2018 6641 
2 5384 6456 
2 1219 5123 
2 4560 3500 
2 1653 1405 
2 9037 4396 
2 6518 9560 
2 476 3883 
2 796 8340 
2 4815 1499 
2 1802 1539 
2 4563 1762 
2 2809 1502 
2 9174 1870 
2 5194 7138 
2 9284 8431 
2 3437 6135 
2 179 4819 
2 7764 5222 
2 7079 6300 
2 7550 7246 
2 6860 2209 
2 6143 9823 
2 6037 3359 
2 182 7220 
2 8679 5595 
2 8445 4932 
2 9778 4895 
2 426 6547 
2 4739 8077 
2 3628 5480 
2 3230 5863 
2 8715 5989 
2 9207 277 
2 1059 8745 
2 2536 2727 
2 8957 1192 
2 2836 1279 
2 8671 1582 
2 6348 6982 
2 5747 4911 
2 7349 405 
2 6320 4428 
2 9881 1353 
2 1057 9948 
2 6991 4734 
2 4108 7260 
2 3260 2178 
2 6471 1024 
2 8399 5027 
2 1156 1357 
2 7757 3341 
2 5622 8690 
2 2341 5243 
2 4795 1665 
2 9240 9970 
2 5865 3682 
2 5909 2876 
2 9980 5305 
2 63 4598 
2 2970 7904 
2 3838 282 
2 9220 9550 
2 3207 3276 
2 5854 8741 
2 1465 8737 
2 570 9010 
2 1990 9579 
2 2027 8937 
2 8879 9944 
2 8680 230 
2 280 1401 
2 7498 1740 
2 5171 6492 
2 2437 8623 
2 7926 9679 
2 6815 1719 
2 5353 4974 
2 3166 6094 
2 5134 1214 
2 2045 3892 
2 6592 3708 
2 4537 8355 
2 3707 3167 
2 8924 9674 
2 4389 8382 
2 5248 635 
2 2101 6971 
2 2606 322 
2 2818 911 
2 8316 9929 
2 4740 4243 
2 5445 8875 
2 5604 4161 
2 650 1508 
2 9232 1860 
2 3510 2753 
2 493 9135 
2 4180 6819 
2 705 7391 
2 5742 5684 
2 485 4071 
2 6019 2863 
2 5718 1415 
2 5570 7434 
2 1983 6874 
2 3704 4085 
2 6654 1285 
2 7979 3412 
2 9322 2791 
2 6346 6868 
2 2534 621 
2 8499 1679 
2 1732 9659 
2 5272 2637 
2 5944 9804 
2 315 7675 
2 798 8785 
2 7248 8770 
2 5263 6118 
2 5808 2362 
2 6964 4240 
2 2533 122 
2 4827 6227 
2 5197 2034 
2 177 7458 
2 1854 8444 
2 8215 427 
2 8598 4165 
2 3790 4286 
2 6112 5185 
2 2792 1806 
2 4378 2826 
2 790 8738 
2 1020 2364 
2 4975 7274 
2 7824 6313 
2 3847 7852 
2 475 3536 
2 5619 4860 
2 8240 6822 
2 9972 5566 
2 717 6190 
2 7632 106 
2 249 1307 
2 9335 37 
2 4138 2691 
2 1949 8940 
2 888 6646 
2 2535 4786 
2 7635 4576 
2 8918 2446 
2 9460 7394 
2 6415 4456 
2 12 727 
2 1936 8320 
2 3957 9605 
2 3356 1245 
2 5291 5486 
2 5668 9575 
2 7981 2416 
2 4679 9123 
2 2509 5678 
2 8462 1579 
2 9005 7734 
2 198 6718 
2 4846 6377 
2 271 2582 
2 5298 2945 
2 110 7073 
2 8302 4956 
2 3878 3919 
2 9814 9163 
2 8842 2635 
2 7627 5511 
2 2671 8962 
2 8339 3730 
2 3840 7046 
2 9287 6727 
2 7821 3118 
2 9050 8442 
2 7756 6632 
2 400 602 
2 4654 4483 
2 9229 741 
2 7948 2924 
2 6140 8763 
2 158 7601 
2 3748 2146 
2 2667 4062 
2 7008 6650 
2 6181 5988 
2 8633 6735 
2 1183 3791 
2 9755 8441 
2 9852 7823 
2 3814 2289 
2 6236 4054 
2 5448 9816 
2 7644 8170 
2 4097 5144 
2 5504 1873 
2 760 92 
2 68 5385 
2 2338 9190 
2 3327 861 
2 5740 1540 
2 747 6436 
2 4471 7945 
2 7261 1344 
2 528 5765 
2 6926 1561 
2 6589 519 
2 7413 7612 
2 4319 9147 
2 6960 6630 
2 3352 3212 
2 3909 1587 
2 5937 8361 
2 5211 7409 
2 7925 6063 
2 5257 1266 
2 6257 3565 
2 8232 9961 
2 4770 1341 
2 3131 4185 
2 7657 9716 
2 1332 2853 
2 596 7693 
2 4117 8452 
2 8022 9307 
2 2538 2749 
2 4803 6026 
2 8016 8534 
2 1825 4173 
2 7323 5516 
2 6832 8506 
2 1726 8177 
3 9283 4480 3214 
3 4445 4987 4294 
3 4540 8698 5837 
3 6330 7840 704 
3 4424 2084 9921 
3 9134 4242 6827 
3 4544 7445 5919 
3 5114 5955 1230 
3 8521 6233 9859 
3 3144 9025 9472 
3 2250 9705 2436 
3 4303 65 7163 
3 2694 7262 7845 
3 4299 2653 909 
3 1708 4189 3338 
3 9867 7511 7658 
3 5662 7901 5689 
3 3247 4638 2130 
3 342 7896 1504 
3 5470 1941 553 
3 4718 6413 9770 
3 6979 4890 2023 
3 2976 352 6596 
3 3013 44 9932 
3 6543 1898 8474 
3 3333 882 7752 
3 7975 2261 1038 
3 5139 8006 7827 
3 8481 1833 4435 
3 5064 82 3658 
3 3556 9613 3764 
3 4251 5043 8193 
3 4211 4464 9188 
3 9071 4670 9354 
3 8287 9346 5161 
3 5995 9107 9002 
3 8939 3836 482 
3 1236 6911 3087 
3 743 3641 7257 
3 5284 4713 7559 
3 7586 3896 9559 
3 4288 5147 5279 
3 2944 4832 321 
3 4324 9409 6104 
3 4434 3988 7776 
3 5806 6521 8020 
3 2402 4017 725 
3 9821 7305 653 
3 6811 8341 9510 
3 2775 7432 4672 
3 5329 1371 157 
3 5711 3080 4216 
3 1080 7212 4260 
3 6619 3626 8821 
3 164 4527 2226 
3 5230 3827 4105 
3 7863 9687 6314 
3 5039 3856 5930 
3 3547 2524 9225 
3 568 3491 8880 
3 2065 9761 7056 
3 2513 1894 9545 
3 1070 4158 3082 
3 9186 3172 3787 
3 593 7188 8157 
3 9569 6133 4644 
3 8897 8207 4546 
3 3792 455 5769 
3 6160 7462 5005 
3 5658 3210 9849 
3 7509 9945 8600 
3 9463 7017 7385 
3 2746 8780 8658 
3 434 9964 4817 
3 221 3832 8174 
3 2909 2527 4706 
3 4773 5883 9803 
3 1752 5178 7224 
3 7643 2551 5297 
3 8149 4517 187 
3 2070 246 4568 
3 5902 850 1110 
3 8059 4285 4691 
3 7186 4705 7444 
3 5253 9443 8720 
3 916 2227 7534 
3 7879 9666 116 
3 262 6772 5013 
3 7318 7192 5256 
3 6065 4344 8263 
3 1765 1909 7422 
3 6305 9433 666 
3 2674 9117 5829 
3 4241 3865 8844 
3 2542 7443 6072 
3 5790 3455 7173 
3 5320 7529 1735 
3 1121 8807 4373 
3 7205 6937 6103 
3 467 344 5352 
3 9828 4004 5461 
3 4666 5369 4907 
3 2329 4530 6232 
3 9505 2737 1821 
3 3779 332 9514 
3 9837 1701 616 
3 3911 7704 9317 
3 8394 6273 3027 
3 9965 588 3468 
3 2543 5834 8030 
3 8312 5145 8396 
3 2363 8226 3099 
3 4433 9293 9428 
3 4321 5176 497 
3 5075 5993 4940 
3 7297 6693 9871 
3 320 9877 151 
3 1661 8590 1810 
3 3309 3738 6214 
3 9410 9708 4766 
3 575 1736 2316 
3 386 3034 496 
3 8757 5472 1442 
3 3575 4602 6840 
3 3889 5556 8305 
3 6605 5752 1288 
3 9267 5555 8756 
3 1948 2682 2917 
3 8126 8629 8753 
3 339 4174 1977 
3 2734 7487 7835 
3 1888 7028 7998 
3 2951 2481 4454 
3 6059 2827 2830 
3 4909 1617 6316 
3 9670 1178 7100 
3 314 1223 5333 
3 2187 1171 340 
3 6921 5635 7387 
3 3629 8988 5191 
3 2410 9252 4484 
3 2662 7126 9760 
3 3450 2530 6155 
3 3270 2474 6558 
3 3025 3745 3019 
3 6390 2242 9233 
3 8836 3831 6253 
3 1334 7593 9571 
3 170 6990 6254 
3 7190 9062 270 
3 9348 7151 447 
3 8359 1928 1112 
3 5121 6970 415 
3 136 3815 9856 
3 9586 8163 9935 
3 6852 1919 469 
3 934 8573 6422 
3 5184 2522 488 
3 2281 325 9476 
3 1430 3208 808 
3 6166 5484 4091 
3 5132 4232 8228 
3 2404 2821 5048 
3 9953 2512 3872 
3 2772 6455 9314 
3 7153 778 7054 
3 2738 3332 2401 
3 6342 6983 8354 
3 4129 7253 5096 
3 7862 6467 2584 
3 7826 9554 8636 
3 9435 3715 1491 
3 6527 3053 4203 
3 1113 3154 4098 
3 4516 7037 1423 
3 2142 7987 2774 
3 3258 4407 9083 
3 2092 6403 5345 
3 3915 7012 6125 
3 7816 135 9437 
3 1271 2397 7639 
3 4953 5187 9829 
3 5880 4757 2267 
3 6891 2064 5856 
3 1868 8112 5264 
3 5998 3014 3989 
3 2220 6606 3973 
3 7594 7996 7210 
3 9900 9013 140 
3 8205 7973 2889 
3 9441 1169 2618 
3 2307 6554 4622 
3 4874 466 9727 
3 6485 2579 7747 
3 5074 4290 8843 
3 6178 2557 1529 
3 5493 7653 7791 
3 2829 9498 4735 
3 7039 2922 6629 
3 6839 962 9365 
3 8254 3209 6250 
3 6724 9165 4708 
3 1842 949 7203 
3 8991 7429 7234 
3 3549 6909 8611 
3 1069 3453 4615 
3 4366 9714 1699 
3 6896 3709 2378 
3 5340 6647 9912 
3 284 2668 4113 
3 4661 6767 264 
3 8301 1541 4951 
3 8299 7902 474 
3 8685 9612 8936 
3 944 7468 974 
3 6204 8397 5891 
3 6579 5487 3170 
3 4459 3538 6771 
3 7922 2383 578 
3 1880 1144 5925 
3 9776 4221 7358 
3 6324 193 2627 
3 987 1006 2449 
3 9292 1951 6708 
3 5922 5082 4014 
3 5974 5825 7608 
3 2195 5109 8083 
3 9395 8587 8415 
3 7148 1369 4371 
3 9011 1572 2898 
3 3115 9439 7074 
3 8182 3960 4208 
3 9302 1871 1685 
3 9415 7510 2348 
3 9427 6401 8613 
3 2454 3164 4513 
3 3011 8910 5935 
3 3632 5997 947 
3 559 7485 2068 
3 1467 9373 9502 
3 5735 3555 5120 
3 2190 4765 7558 
3 4263 6793 6799 
3 6858 518 4144 
3 9047 8541 2709 
3 7942 8797 2620 
3 976 9337 1547 
3 4836 8498 4188 
3 824 6894 4398 
3 4591 8297 8470 
3 8912 5917 1410 
3 803 7917 7763 
3 6077 3542 8217 
3 333 9063 4674 
3 9553 7071 3408 
3 7892 7244 1966 
3 8398 8659 7893 
3 7172 2798 4150 
3 8013 1526 4683 
3 9529 9923 3672 
3 2472 5477 9682 
3 8281 6773 1275 
3 395 3205 7514 
3 550 636 5560 
3 5029 3528 7531 
3 933 2285 9161 
3 3346 751 5535 
3 8209 2702 1923 
3 8378 3716 2270 
3 8532 5220 4149 
3 4354 3431 6887 
3 20 4774 8366 
3 2136 5221 8789 
3 1952 2603 552 
3 5036 5140 3627 
3 4680 8318 4921 
3 3736 1761 8674 
3 4379 1241 7083 
3 4808 8766 2376 
3 8577 5295 7167 
3 1139 4701 1963 
3 2343 9131 4419 
3 9458 5593 5597 
3 1384 7547 7972 
3 1109 2059 5050 
3 2919 775 5884 
3 1134 5744 2507 
3 3807 6047 4058 
3 4156 5157 8750 
3 3489 5912 3772 
3 6192 6365 174 
3 7439 9369 9985 
3 8383 286 9139 
3 3752 6694 9995 
3 3727 6452 4375 
3 8088 8330 7800 
3 7536 4502 131 
3 9925 4917 1607 
3 6489 3281 283 
3 2158 5802 6484 
3 9257 8905 3272 
3 9320 1932 1494 
3 2981 2812 8839 
3 4601 2744 2847 
3 4392 6483 2894 
3 5531 6347 3868 
3 1276 4738 7113 
3 4361 1464 3605 
3 9807 8966 7343 
3 3102 1049 6804 
3 6786 3047 8427 
3 2664 5643 2778 
3 2156 6661 777 
3 5321 8450 2837 
3 8436 1208 7490 
3 2692 7195 4498 
3 6648 6614 2360 
3 7908 169 7346 
3 6458 2494 5442 
3 5532 3583 2147 
3 9664 2127 8547 
3 8593 7329 5758 
3 1000 6897 8169 
3 5240 2776 9950 
3 2302 78 6763 
3 4099 1808 1250 
3 6890 9835 2095 
3 6536 3002 2196 
3 9739 2938 7768 
3 8612 5931 8550 
3 654 3890 359 
3 8886 1267 3687 
3 3001 8046 7281 
3 3424 8930 8416 
3 3344 3924 3698 
3 7500 4887 1785 
3 2323 2141 8331 
3 7470 7486 8493 
3 6454 4727 9713 
3 5332 8608 5534 
3 6520 835 1221 
3 1557 7209 451 
3 926 1647 1863 
3 3290 218 8555 
3 8740 8860 5818 
3 1916 9642 5562 
3 2865 360 1649 
3 3097 5986 4236 
3 2739 2985 5432 
3 5155 3010 4918 
3 8706 7269 5108 
3 1150 1962 515 
3 293 7885 5675 
3 6251 2144 9327 
3 211 8788 1460 
3 2266 4055 7811 
3 8978 1191 9827 
3 1413 5162 517 
3 2923 9111 3558 
3 1042 5591 7648 
3 2243 3180 549 
3 5259 349 4374 
3 4032 5095 985 
3 8873 9004 6671 
3 2566 9492 2308 
3 3355 9895 8057 
3 7836 3898 1826 
3 6461 7884 5012 
3 699 2845 5008 
3 5406 6231 3393 
3 1098 4776 4521 
3 9854 206 5957 
3 4938 2440 2403 
3 4012 623 3675 
3 2012 5261 7551 
3 7415 9340 8356 
3 4305 7527 8142 
3 8244 7992 8734 
3 7906 403 3113 
3 2325 1832 4632 
3 7541 6298 4665 
3 9376 2318 7044 
3 1370 5497 1569 
3 8103 7765 5413 
3 1927 6828 814 
3 1711 2483 8603 
3 5875 4386 1299 
3 4831 1157 3469 
3 5328 4262 5378 
3 1596 2997 8160 
3 2714 498 9112 
3 1850 2011 2105 
3 1542 8437 8653 
3 1094 8122 9592 
3 4252 5037 3397 
3 181 5811 1835 
3 6539 9850 7833 
3 6884 4634 6830 
3 7465 7245 1538 
3 436 2421 3844 
3 7545 9836 3094 
3 7492 1759 7155 
3 5364 1255 1408 
3 3234 6794 8210 
3 4543 723 74 
3 195 1743 6470 
3 4913 918 2615 
3 2286 155 234 
3 4298 6779 105 
3 388 5588 8097 
3 2722 8566 2132 
3 9855 1788 709 
3 4234 8270 142 
3 9271 2467 3570 
3 2963 9603 3640 
3 3240 3985 1468 
3 1872 5936 9055 
3 4277 7474 6434 
3 2167 8923 7783 
3 676 1351 4970 
3 7333 3044 5077 
3 6091 4313 175 
3 8264 2407 9224 
3 5231 1673 5819 
3 1793 2516 4081 
3 762 5508 7528 
3 8960 7930 5433 
3 235 4111 2384 
3 6777 1901 2088 
3 5646 6355 4496 
3 8469 1672 6663 
3 9034 2100 1013 
3 7232 5830 670 
3 3364 5907 9819 
3 2495 1501 6602 
3 649 966 1912 
3 6973 7869 1124 
3 1695 7426 7575 
3 6526 7310 2320 
3 9447 9249 392 
3 7530 2106 7951 
3 5776 2347 701 
3 4048 7352 7912 
3 651 4898 5966 
3 453 5189 8245 
3 3403 1166 9623 
3 1920 3092 9838 
3 4072 7546 3623 
3 5577 1345 4159 
3 4018 1105 6286 
3 3961 5918 5529 
3 1874 5314 118 
3 5399 9052 4699 
3 972 7298 6988 
3 9966 5520 4736 
3 1396 5649 7563 
3 8533 307 7377 
3 4980 9815 5908 
3 5506 3124 8833 
3 9408 8802 3421 
3 8413 76 4421 
3 1119 1001 9896 
3 8638 2855 3495 
3 8257 9196 8428 
3 71 9251 4920 
3 2638 6497 714 
3 594 5251 2508 
3 9743 6567 4959 
3 9762 1118 6702 
3 7471 6935 6561 
3 2291 8336 533 
3 6179 8129 6052 
3 8649 1194 2093 
3 8864 1478 1054 
3 9797 3778 9862 
3 3522 5390 6977 
3 6306 4960 7807 
3 6642 6488 461 
3 5055 9227 4192 
3 1368 4218 2060 
3 4749 4985 2562 
3 9444 8982 1818 
3 379 3619 8927 
3 7005 16 5343 
3 9185 9081 6137 
3 6933 4388 3995 
3 1702 4626 2439 
3 8512 3198 2733 
3 2933 411 5237 
3 8327 3695 7369 
3 6806 6372 1676 
3 8956 8712 2795 
3 4289 7217 995 
3 9259 121 672 
3 5002 9566 8360 
3 8961 3301 4988 
3 1321 7788 1753 
3 5763 9195 7062 
3 5615 9621 6012 
3 7787 2678 4843 
3 8826 9482 3833 
3 8054 1366 1577 
3 4866 3337 1883 
3 9501 7590 4837 
3 8808 3264 9989 
3 4741 6425 4339 
3 3952 2681 3476 
3 4756 690 9217 
3 4719 981 558 
3 4057 5258 7048 
3 3667 2804 8838 
3 9347 4995 6028 
3 3286 7109 3493 
3 3665 2968 8694 
3 3855 1438 3306 
3 5932 6813 1181 
3 7219 273 4452 
3 4775 846 4413 
3 5848 8954 4314 
3 9367 5816 7610 
3 4023 2793 9506 
3 2701 483 4360 
3 6916 59 9076 
3 5460 2287 8384 
3 1925 2058 6524 
3 1565 7196 161 
3 952 1061 8983 
3 1143 3725 2218 
3 4882 5736 8637 
3 1419 8996 3073 
3 1970 4551 9998 
3 8116 903 2672 
3 2477 3535 2631 
3 5754 5232 6110 
3 58 2958 7949 
3 8292 6394 5091 
3 3823 6429 4534 
3 6807 6205 9404 
3 1331 7395 7345 
4 437 5578 7101 1566 
4 9305 6229 3884 2061 
4 8752 2673 7659 7540 
4 4641 2745 9988 33 
4 9750 5001 9116 7277 
4 5981 2848 4813 2274 
4 5424 7713 4569 6378 
4 3228 6163 7623 8482 
4 2675 3804 9740 380 
4 4148 3122 1783 3801 
4 1593 7674 3182 9777 
4 9316 4377 5138 2435 
4 8053 7312 6281 9872 
4 2235 8837 7985 5927 
4 4477 8660 3504 9344 
4 833 429 8526 1510 
4 6369 8998 8926 1418 
4 8907 8489 9878 3993 
4 4331 3254 9947 3614 
4 3304 9609 2182 1809 
4 5318 5561 6713 8412 
4 4528 8520 6079 8589 
4 5805 9036 2486 7859 
4 9997 5262 3418 302 
4 9184 5582 376 3104 
4 7007 6593 6351 7673 
4 8159 1727 1348 9915 
4 7691 5288 4250 5573 
4 3676 2884 4127 8102 
4 2877 6537 2670 7533 
4 8162 5796 3293 6366 
4 7182 5551 3325 3918 
4 7508 4578 6879 1340 
4 6968 7442 6020 3391 
4 4577 371 6375 267 
4 9907 387 7772 662 
4 2908 2640 7403 369 
4 9573 8074 3251 8002 
4 3526 5638 3040 4028 
4 8265 214 6714 1841 
4 4903 2221 5411 1014 
4 4273 2569 204 1354 
4 8108 6838 9930 3683 
4 1571 2327 2993 3584 
4 62 3553 1625 9285 
4 4481 8353 9574 266 
4 8401 7815 6674 7565 
4 5498 5647 3697 6201 
4 5980 205 9698 9690 
4 615 1149 1391 7777 
4 1489 5375 8592 9370 
4 8026 4053 7466 2104 
4 4107 98 1492 6169 
4 1153 7806 3520 6533 
4 4119 4337 236 4725 
4 1342 2399 7782 4270 
4 7525 821 1365 1527 
4 7316 5270 2398 6665 
4 8460 581 3877 8000 
4 2282 1959 7324 5299 
4 370 929 5778 6321 
4 7026 7484 2328 9787 
4 4976 5003 939 3029 
4 2962 4954 2276 759 
4 2462 32 3252 7649 
4 8949 3046 1583 7774 
4 6056 3681 8769 3316 
4 8610 7 2417 6036 
4 5094 125 2234 3694 
4 9356 8070 5303 6499 
4 527 6938 5600 6003 
4 7990 2288 4536 137 
4 5456 1290 1642 9326 
4 9202 4652 4194 7162 
4 8362 2932 1981 3617 
4 8476 1775 7573 6058 
4 7944 6922 4352 9526 
4 1675 1238 8121 1089 
4 8725 5417 4162 761 
4 3106 9802 2960 4390 
4 889 7773 2272 9902 
4 6006 2770 997 9957 
4 8246 8032 7463 4971 
4 6132 2166 8285 9359 
4 1207 5207 1389 2346 
4 7986 1126 2175 2117 
4 652 2216 3655 5503 
4 7976 1942 7822 4570 
4 4346 1056 655 2107 
4 7066 2097 1125 4617 
4 6876 7813 6691 245 
4 2099 8197 2424 6872 
4 5341 9986 8393 6673 
4 9652 9746 1434 5900 
4 2656 3503 5803 2228 
4 7914 2964 8480 6275 
4 7943 8094 5810 5985 
4 2475 107 7993 9653 
4 864 5610 8861 7634 
4 1374 8323 9364 5325 
4 7184 5709 7213 2502 
4 6529 4372 4838 3525 
4 4613 1693 7402 1462 
4 1131 788 2934 6802 
4 5813 5579 366 3415 
4 8814 671 7569 3886 
4 8863 9479 2478 5876 
4 8767 1270 4049 6918 
4 346 5702 4121 3735 
4 441 7360 2379 8531 
4 8251 5859 4856 6812 
4 8490 3879 5729 6749 
4 2872 5182 6247 7814 
4 5216 4391 8196 5468 
4 3051 274 1875 1663 
4 9070 9089 604 5846 
4 2841 7267 3256 6788 
4 8237 9658 478 2771 
4 1452 5969 6410 4879 
4 5416 5128 8439 9382 
4 5450 631 8617 3036 
4 6803 1339 5712 8858 
4 5071 3017 3307 8985 
4 744 251 8202 7805 
4 7561 5380 6517 7021 
4 7539 9490 4916 8220 
4 3806 4794 3590 144 
4 5770 7370 4542 4041 
4 6380 8835 4747 2686 
4 2451 3620 2787 399 
4 2223 5426 1781 9332 
4 8138 7239 5826 2489 
4 7024 8017 2684 9587 
4 7605 5793 7421 8581 
4 620 8513 4210 1813 
4 9231 1261 5753 4090 
4 3812 1182 9333 7197 
4 3931 7170 5703 5861 
4 9379 626 6407 7759 
4 856 667 8192 1586 
4 6953 252 5563 733 
4 67 9538 2297 9806 
4 4743 9368 4590 4249 
4 8111 6460 6285 3639 
4 4929 1521 7390 8023 
4 6796 8951 8938 5773 
4 5319 9462 7025 7564 
4 8080 5970 5412 1278 
4 1211 8319 8314 1511 
4 9686 9166 6986 5634 
4 7703 7425 1336 201 
4 4087 8620 1834 3622 
4 855 2779 6719 9372 
4 5415 2263 607 6000 
4 1931 7580 1403 8525 
4 8062 5117 9676 2374 
4 4132 4721 1838 1488 
4 1248 7797 9951 460 
4 5112 1622 3487 1082 
4 6739 7296 9547 779 
4 184 8404 6930 9767 
4 3203 3005 8104 9577 
4 2541 7019 4406 9465 
4 8759 5195 5640 9281 
4 3193 5174 5821 1859 
4 1971 6113 838 9129 
4 3964 1739 7133 3243 
4 8172 6604 5953 9651 
4 7157 6943 7412 4549 
4 4902 984 3702 3016 
4 8650 1283 2232 3854 
4 1376 5530 7977 4033 
4 377 6017 1729 1417 
4 9286 703 25 3793 
4 1375 4325 6199 1148 
4 4261 3907 6248 1904 
4 1643 8403 5350 5379 
4 4782 240 3449 1136 
4 7567 8115 8093 9254 
4 5521 6339 8893 7149 
4 4933 6128 9206 4024 
4 2540 772 3873 6274 
4 2706 4417 7699 8527 
4 6187 5976 5607 2905 
4 9092 6220 7770 8673 
4 113 7628 1862 3385 
4 4990 3581 8509 9329 
4 1152 1828 6042 7341 
4 1641 3612 9310 2465 
4 3474 7989 4334 3429 
4 4806 8259 4704 9904 
4 1437 2484 2561 3052 
4 948 2372 8443 3963 
4 2842 8761 1718 4723 
4 7861 1450 4847 3229 
4 2875 5281 3578 6653 
4 6885 471 8605 7690 
4 4561 1019 7829 4606 
4 2304 3591 4616 9496 
4 1822 875 8668 4009 
4 9842 6681 5098 258 
4 3379 2024 2547 4345 
4 6941 2526 4380 443 
4 4620 961 7072 3737 
4 6878 4052 5536 1215 
4 1463 8551 9593 4754 
4 7135 5099 8898 3174 
4 1505 8682 1681 3095 
4 4254 8515 3548 4538 
4 3350 2047 6138 7928 
4 3372 4266 2208 5869 
4 5007 7016 4886 9888 
4 2202 7489 2759 4500 
4 9481 3771 3947 2212 
4 6283 8430 5336 9256 
4 6678 8435 828 2913 
4 2979 8692 134 638 
4 1918 7371 1129 3820 
4 9737 5943 4351 7740 
4 2704 7875 290 8779 
4 310 5149 7804 2764 
4 7962 822 4336 4583 
4 6535 9983 1533 3485 
4 5285 5213 9493 1705 
4 7259 6709 3438 363 
4 7315 8049 1128 1225 
4 5897 6928 5567 3625 
4 133 9581 9248 3637 
4 9213 2820 4603 3926 
4 8530 6563 1659 3160 
4 8078 5219 3018 675 
4 5654 805 3217 4224 
4 8058 3841 5148 6267 
4 6598 618 7950 8548 
4 2650 940 3165 3996 
4 5559 692 884 5633 
4 8529 6616 4209 507 
4 3851 8223 4586 2387 
4 1101 2334 2858 883 
4 2625 3967 6963 3204 
4 3472 6165 4790 5078 
4 165 4257 8021 2719 
4 6578 9058 6580 3460 
4 259 4292 4807 6332 
4 9598 6243 1836 4400 
4 5568 8571 9497 4123 
4 4043 7936 8280 5700 
4 1876 5280 3298 3177 
4 7327 8495 8179 586 
4 4939 1629 6264 2644 
4 3311 7086 979 27 
4 8234 2366 7187 2969 
4 6595 2450 8570 7436 
4 2515 3003 4777 8154 
4 6729 4279 6370 658 
4 7301 4358 3939 4027 
4 7832 1436 4944 2466 
4 2599 8889 183 736 
4 8709 5727 1509 9486 
4 448 3647 5528 2030 
4 1052 2021 8946 6573 
4 3876 6995 5881 5589 
4 6491 1090 5779 3140 
4 7058 1568 3710 4473 
4 9568 2206 2783 9800 
4 8061 4338 3810 664 
4 3908 4219 7609 9868 
4 3310 1147 3405 2641 
4 124 4965 2096 4780 
4 7049 173 9775 9906 
4 7189 6523 3968 6789 
4 854 877 2972 4412 
4 309 7359 4507 8553 
4 9500 8832 1258 5625 
4 2111 9848 2109 696 
4 5143 6627 2717 1055 
4 9640 9442 4868 9158 
4 8485 9958 7617 6206 
4 4347 530 446 3248 
4 1472 5586 4732 7562 
4 1584 619 1316 9733 
4 1668 5146 1548 3677 
4 8862 8776 6101 633 
4 1771 6157 9338 7582 
4 4609 6658 6354 1576 
4 7128 967 4636 3091 
4 6419 5 6875 2626 
4 4278 4186 1145 2825 
4 9608 8266 220 7604 
4 5722 951 7255 9384 
4 2336 6923 3726 6256 
4 2954 9629 8092 9782 
4 9977 9300 6853 6319 
4 3769 1273 3227 5462 
4 77 7231 4834 9315 
4 6172 4784 1612 6944 
4 5209 3484 1998 5059 
4 1023 4267 3191 6836 
4 7117 8373 5327 5250 
4 5733 9798 9387 6265 
4 7023 2112 9561 1390 
4 4599 9221 4369 5926 
4 3371 5212 4814 1212 
4 7208 4437 4643 9330 
4 9954 7864 4983 8995 
4 9909 1696 3242 6847 
4 4509 6435 7665 4184 
4 7354 3486 5255 4604 
4 9688 178 1034 2786 
4 7110 9701 8271 295 
4 3929 2264 8973 9540 
4 8828 9215 7790 1758 
4 5025 3905 6699 9383 
4 566 421 3382 4106 
4 3441 2324 2713 2903 
4 7111 9861 806 4449 
4 2989 1849 5637 4038 
4 8345 3452 819 2422 
4 6826 5436 6835 6976 
4 9795 9917 7076 5512 
4 7965 9212 1268 6280 
4 2074 5533 6974 97 
4 1346 7338 9396 3982 
4 3464 6697 3971 4214 
4 8045 2143 3607 7969 
4 1728 5101 6076 9618 
4 5632 1751 3375 5044 
4 1791 3853 7750 7256 
4 5809 1388 8424 3980 
4 3068 4145 3564 5594 
4 2173 5104 6672 8324 
4 5158 8346 4167 4657 
4 3399 2866 1707 9749 
4 4283 465 3181 1298 
4 742 48 192 1562 
4 647 9891 7808 6451 
4 4621 4063 4474 6755 
4 5062 2912 6958 7166 
4 200 8729 5265 9564 
4 605 7034 9685 1782 
4 1637 724 8901 2089 
4 420 3946 1957 1075 
4 3055 3353 3746 5483 
4 8230 2564 168 1359 
4 6023 2260 7576 7652 
4 9916 4979 8847 2188 
4 7848 9141 4067 4227 
4 4857 871 1712 1240 
4 6478 7613 6441 2920 
4 9702 445 2838 521 
4 299 8917 1320 7642 
4 4140 4986 4488 3599 
4 9536 2520 3457 9695 
4 8236 5458 9584 5481 
4 4863 9812 5100 829 
4 7401 3912 8784 3132 
4 9398 7758 9946 3145 
4 8684 4804 8773 4011 
4 9519 1558 1441 2986 
4 7749 2699 4611 2181 
4 702 3862 6095 1969 
4 4888 6940 7214 9630 
4 188 3335 1363 5061 
4 4466 7380 5879 8132 
4 4201 8896 1087 8727 
4 7090 9978 4499 7015 
4 8717 6594 6687 4660 
4 6278 767 6898 8375 
4 5904 8050 8582 5444 
4 2380 5608 2676 5903 
4 3956 2600 950 5072 
4 8040 2185 1845 9201 
4 5726 1889 4769 5759 
4 9665 2984 8168 2959 
4 600 9334 7549 2393 
4 2817 7651 3037 4205 
4 1514 2886 9026 3685 
4 9853 3100 3749 6 
4 7289 5137 697 9226 
4 3755 1356 8790 7663 
4 4972 2405 4996 3470 
4 5827 6774 4376 2205 
4 960 5889 3705 7598 
4 2490 7480 1306 9041 
4 8056 1706 9515 7479 
4 4619 2697 9931 1360 
4 9295 239 3163 3618 
4 1616 2014 6825 908 
4 8799 1115 1746 8135 
4 3411 2580 7844 5435 
4 6980 9192 2619 1155 
4 7599 5839 7388 3066 
4 7454 5502 7664 7523 
4 8089 1234 6557 2072 
4 8536 6373 2279 2331 
4 580 1779 9074 8377 
4 5514 3368 9732 8820 
4 2078 9014 9016 8385 
4 9824 7686 9203 6992 
4 7683 6154 5040 4486 
4 1734 2184 4767 3406 
4 5768 4179 7154 4364 
4 8109 5780 7607 836 
4 8033 1733 5300 8064 
4 4422 791 9453 2925 
4 3366 2493 94 6340 
4 4711 8247 1669 253 
4 3930 629 1688 2076 
4 5010 9552 7802 4408 
4 1922 8781 4244 6861 
4 7211 2887 3139 1630 
4 3953 7961 3123 1257 
4 1424 3516 8096 8065 
4 5838 9864 8986 4005 
4 3643 5621 3320 4557 
4 7680 6038 7145 6411 
4 7566 9478 3176 8558 
4 9942 4810 7418 7780 
4 8604 4931 9464 1292 
4 8921 2930 5661 5004 
4 2732 242 7678 6054 
4 644 7588 5414 9533 
4 8256 3413 2859 7002 
4 2160 7843 9324 4852 
4 6857 8607 6145 4524 
4 1778 1742 128 7290 
4 5527 1921 5093 123 
4 847 5547 8048 3668 
4 381 5874 89 9172 
4 8528 8086 5203 1690 
4 811 7717 5541 4689 
4 7171 4575 1043 1926 
4 4397 6070 2948 69 
4 5500 7469 1174 3508 
4 1930 7287 2990 3175 
4 3880 3473 3215 738 
4 8011 8549 2432 1656 
4 3006 1473 8700 4155 
4 8134 2342 1035 4035 
4 353 1933 1107 6540 
4 7266 5070 8902 1623 
4 9262 9655 4871 6899 
4 8556 4533 4961 1433 
4 1180 1980 2632 7625 
4 2813 2172 6062 1667 
4 70 4567 9159 7771 
4 2487 9056 7894 1263 
4 6001 3511 9960 9882 
4 2916 2977 7584 1045 
4 8072 6908 3171 6998 
4 968 3501 1025 227 
4 7393 6245 7494 2008 
4 9020 6159 1713 4309 
4 6920 609 4694 9546 
4 6883 5519 9967 9644 
4 2356 180 4239 2452 
4 7963 248 7641 9956 
4 8267 3159 9773 7997 
4 8133 5180 7476 3219 
4 4519 6984 3602 9979 
4 7193 1142 6795 8458 
4 9489 7695 5583 2789 
4 6613 301 3255 4100 
4 7857 539 9067 6870 
4 5929 7856 6620 7271 
4 7339 7631 4175 5706 
4 8407 4157 7579 5631 
4 3606 503 7839 9275 
4 7431 6707 6949 6303 
4 3050 3651 3615 2927 
4 7911 4646 931 2455 
4 87 8432 3192 4492 
4 2565 681 509 5275 
4 5035 3231 7180 538 
4 7215 383 9162 5315 
4 7522 9296 6322 2893 
4 9520 1772 8081 4729 
4 228 8656 1748 1281 
4 1601 3057 6508 8919 
4 5425 6866 1088 2222 
4 8618 7009 4512 7309 
4 7669 6111 522 2349 
4 3241 9030 4648 6637 
4 556 9830 5681 500 
4 5858 7994 1899 5006 
4 645 8554 9557 2168 
4 5686 6473 8429 5983 
4 899 7766 9028 1140 
4 8145 100 8507 1130 
4 6142 495 1427 374 
4 3885 1684 2987 6962 
4 6371 6389 8028 3962 
4 9717 7033 6555 9928 
4 1564 1658 891 9799 
4 4927 7041 4928 1385 
4 297 8227 7795 6915 
4 4275 5958 5557 29 
4 2900 9808 1689 6615 
4 9840 5694 8942 9468 
4 4171 5032 2351 4181 
4 8410 334 6131 6465 
4 7587 2630 9711 7396 
4 3714 8976 3543 2874 
4 3105 2278 1318 1961 
4 8916 4246 958 480 
4 7900 3834 5338 6309 
4 1777 7640 941 7174 
4 5049 4633 5609 3942 
4 6685 5267 5277 8932 
4 8198 1692 2723 56 
4 1524 8824 330 4190 
4 5371 6055 3532 3830 
4 8248 3110 39 8518 
4 1851 8994 6015 3722 
4 1517 5537 6129 2553 
4 8503 5724 7130 5124 
4 4423 2180 508 9274 
4 7225 4001 7353 1487 
4 4103 5403 4656 2199 
4 6798 7638 5228 3813 
4 4202 4957 872 7581 
4 1605 9069 1032 5924 
4 7711 6308 6576 4687 
4 6748 505 5877 4607 
4 5890 8635 3580 7198 
4 3257 3567 7137 4282 
4 6776 3997 6965 9175 
4 9440 684 8675 5949 
4 7099 9643 2558 6513 
4 2856 7931 3797 2871 
4 5620 8479 7685 7878 
4 6081 2747 5388 9756 
4 9146 4653 1522 881 
4 5260 6756 3285 2657 
4 3920 5031 857 5572 
4 9211 5757 646 9549 
4 858 511 318 1590 
4 6509 9015 8268 2953 
4 8993 8379 8003 1789 
4 2835 3782 6421 2901 
4 7300 8381 5772 7898 
4 1953 4083 64 1483 
4 3362 6067 4166 3128 
4 1431 4047 5738 1226 
4 163 6034 7097 9671 
4 3743 4650 5173 9780 
4 8884 680 6959 6277 
4 3064 2368 2539 4020 
4 2075 8854 6743 7907 
4 6655 1592 2425 2415 
4 1114 7779 520 1882 
4 9563 1421 4076 7891 
4 7568 8699 8309 5920 
4 904 825 6821 8859 
4 2444 9181 9412 2315 
4 1161 2799 3825 3414 
4 3035 3075 2782 1382 
4 6241 3268 8867 5042 
4 5079 6085 813 10 
4 4272 5673 4574 4572 
4 5575 398 5269 2864 
4 7452 3445 3381 4676 
4 1259 3150 2353 4981 
4 5745 199 8890 1411 
4 7053 4176 9235 8565 
4 7682 7419 1947 1451 
4 826 300 9375 9728 
4 8500 2911 4969 5592 
4 3690 6328 8903 2773 
4 6343 8575 7307 2114 
4 9430 6312 5011 8201 
4 6464 5022 2005 5598 
4 3339 2268 8348 6942 
4 1133 2456 9941 3781 
4 1009 8294 6577 2391 
4 4518 2476 9543 7107 
4 4861 1750 2361 2965 
4 6279 4193 1991 1103 
4 6230 6531 8591 4287 
4 5725 2860 557 4978 
4 7886 5170 3069 4426 
4 1638 6715 8965 2994 
4 5894 4487 1381 6150 
4 6952 2171 5339 3206 
4 7760 722 2685 3977 
